Running the V-n diagram calculation...
Aircraft: Sling_2
Category: normal
FAR certification: Part 23

Unpacking the input and calculating required inputs...
Establish limit maneuver load factors n+ and n-...
    Estimating n+...
        Defined positive limit load factor > 3.8. Setting 3.8...
    Estimating n-...
Computing critical speeds (Va, Vc, Vb, Vd, Vs1)...
    Computing Vs1 and Va...
    Checking Vc wrt Va...
        Positive Va > Vc. Setting Vc = 1.15 * Va...
    Checking Vc wrt Vcmin... 
    Computing Vd...
        Based on min Vc, Vd is too close Vc. Setting Vd = 1.15 Vc...
Creating stall lines...
Calculating gust loads...
Post-Processing...
Calculation complete
